<?xml version="1.0" encoding="UTF-8"?>
<robot generator="Robot 7.0.1 (Python 3.10.4 on win32)" generated="2024-07-21T15:36:22.339453" rpa="false" schemaversion="5">
<suite id="s1" name="SearchTestPOM" source="C:\Users\Kacper\PycharmProjects\Robot\test-project\Tests\Ebay\SearchTestPOM.robot">
<test id="s1-t1" name="Verify basic search and filter options for eBay" line="15">
<kw name="Open Browser For Tests" owner="CommonResources" type="SETUP">
<kw name="Open Browser" owner="SeleniumLibrary">
<msg time="2024-07-21T15:36:22.588450" level="INFO">Opening browser 'chrome' to base url 'https://www.ebay.com'.</msg>
<arg>https://www.ebay.com</arg>
<arg>chrome</arg>
<arg>options=add_argument("--no-sandbox")</arg>
<doc>Opens a new browser instance to the optional ``url``.</doc>
<status status="PASS" start="2024-07-21T15:36:22.588450" elapsed="3.447595"/>
</kw>
<kw name="Maximize Browser Window" owner="SeleniumLibrary">
<doc>Maximizes current browser window.</doc>
<status status="PASS" start="2024-07-21T15:36:26.036045" elapsed="0.035001"/>
</kw>
<kw name="Sleep" owner="BuiltIn">
<msg time="2024-07-21T15:36:28.083262" level="INFO">Slept 2 seconds.</msg>
<arg>2s</arg>
<doc>Pauses the test executed for the given time.</doc>
<status status="PASS" start="2024-07-21T15:36:26.071046" elapsed="2.012216"/>
</kw>
<status status="PASS" start="2024-07-21T15:36:22.587453" elapsed="5.495809"/>
</kw>
<kw name="Search For Mobile" owner="HeaderPage">
<kw name="Input Text" owner="SeleniumLibrary">
<msg time="2024-07-21T15:36:28.084774" level="INFO">Typing text 'mobile' into text field 'css:#gh-ac'.</msg>
<arg>css:#gh-ac</arg>
<arg>${input_search_text}</arg>
<doc>Types the given ``text`` into the text field identified by ``locator``.</doc>
<status status="PASS" start="2024-07-21T15:36:28.083775" elapsed="0.073999"/>
</kw>
<kw name="Click Element" owner="SeleniumLibrary">
<msg time="2024-07-21T15:36:28.157774" level="INFO">Clicking element 'id:gh-btn'.</msg>
<arg>id:gh-btn</arg>
<doc>Click the element identified by ``locator``.</doc>
<status status="PASS" start="2024-07-21T15:36:28.157774" elapsed="0.382606"/>
</kw>
<kw name="Sleep" owner="BuiltIn">
<msg time="2024-07-21T15:36:29.552046" level="INFO">Slept 1 second.</msg>
<arg>1s</arg>
<doc>Pauses the test executed for the given time.</doc>
<status status="PASS" start="2024-07-21T15:36:28.540380" elapsed="1.011666"/>
</kw>
<status status="PASS" start="2024-07-21T15:36:28.083775" elapsed="1.468271"/>
</kw>
<kw name="Verify Search Results" owner="SearchResultsPage">
<kw name="Page Should Contain" owner="SeleniumLibrary">
<msg time="2024-07-21T15:36:30.086240" level="INFO">Current page contains text 'results for mobile'.</msg>
<arg>${search_result} ${input_search_text}</arg>
<doc>Verifies that current page contains ``text``.</doc>
<status status="PASS" start="2024-07-21T15:36:29.553046" elapsed="0.533194"/>
</kw>
<kw name="Sleep" owner="BuiltIn">
<msg time="2024-07-21T15:36:32.102216" level="INFO">Slept 2 seconds.</msg>
<arg>2s</arg>
<doc>Pauses the test executed for the given time.</doc>
<status status="PASS" start="2024-07-21T15:36:30.086240" elapsed="2.015976"/>
</kw>
<tag>Result</tag>
<status status="PASS" start="2024-07-21T15:36:29.553046" elapsed="2.549170"/>
</kw>
<kw name="Buy It Now Option" owner="SearchResultsPage">
<kw name="Click Element" owner="SeleniumLibrary">
<msg time="2024-07-21T15:36:32.103215" level="INFO">Clicking element 'xpath: //*[contains(text(), "Buy It Now")]'.</msg>
<arg>xpath: //*[contains(text(), "Buy It Now")]</arg>
<doc>Click the element identified by ``locator``.</doc>
<status status="PASS" start="2024-07-21T15:36:32.103215" elapsed="1.786629"/>
</kw>
<tag>Action</tag>
<status status="PASS" start="2024-07-21T15:36:32.102216" elapsed="1.787628"/>
</kw>
<kw name="Verify Buy It Now Option" owner="SearchResultsPage">
<kw name="Wait Until Element Is Visible" owner="SeleniumLibrary">
<arg>//a[@aria-current="page"]</arg>
<arg>2s</arg>
<doc>Waits until the element ``locator`` is visible.</doc>
<status status="PASS" start="2024-07-21T15:36:33.890844" elapsed="0.143999"/>
</kw>
<kw name="Get WebElement" owner="SeleniumLibrary">
<msg time="2024-07-21T15:36:34.047841" level="INFO">${span} = &lt;selenium.webdriver.remote.webelement.WebElement (session="8a41bbd1f9407022473ecda41d74bbde", element="f.13C9BA5984568F52A09B948A327FFA81.d.E3A27A7BE996A00C13A19AFE666A5296.e.580")&gt;</msg>
<var>${span}</var>
<arg>//a[@aria-current="page"]/span[@class="srp-format-tabs-h2"]</arg>
<doc>Returns the first WebElement matching the given ``locator``.</doc>
<status status="PASS" start="2024-07-21T15:36:34.034843" elapsed="0.012998"/>
</kw>
<kw name="Get Element Attribute" owner="SeleniumLibrary">
<msg time="2024-07-21T15:36:34.054843" level="INFO">${aria_label} = Buy It Now selected</msg>
<var>${aria_label}</var>
<arg>${span}</arg>
<arg>aria-label</arg>
<doc>Returns the value of ``attribute`` from the element ``locator``.</doc>
<status status="PASS" start="2024-07-21T15:36:34.047841" elapsed="0.007002"/>
</kw>
<kw name="Should Be Equal" owner="BuiltIn">
<arg>${aria_label}</arg>
<arg>Buy It Now selected</arg>
<doc>Fails if the given objects are unequal.</doc>
<status status="PASS" start="2024-07-21T15:36:34.054843" elapsed="0.001000"/>
</kw>
<tag>Result</tag>
<status status="PASS" start="2024-07-21T15:36:33.890844" elapsed="0.164999"/>
</kw>
<kw name="Close Browser After Tests" owner="CommonResources" type="TEARDOWN">
<kw name="Close Browser" owner="SeleniumLibrary">
<doc>Closes the current browser.</doc>
<status status="PASS" start="2024-07-21T15:36:34.056842" elapsed="3.829228"/>
</kw>
<status status="PASS" start="2024-07-21T15:36:34.055843" elapsed="3.830227"/>
</kw>
<doc>This test case verifies the basic search and filter options</doc>
<tag>Functional</tag>
<status status="PASS" start="2024-07-21T15:36:22.587453" elapsed="15.298617"/>
</test>
<status status="PASS" start="2024-07-21T15:36:22.341452" elapsed="15.545617"/>
</suite>
<statistics>
<total>
<stat pass="1" fail="0" skip="0">All Tests</stat>
</total>
<tag>
<stat pass="1" fail="0" skip="0">Functional</stat>
</tag>
<suite>
<stat pass="1" fail="0" skip="0" id="s1" name="SearchTestPOM">SearchTestPOM</stat>
</suite>
</statistics>
<errors>
</errors>
</robot>
